\BOOKMARK [0][-]{section*.1}{\315ndice general}{}% 1
\BOOKMARK [0][-]{section*.2}{\315ndice de figuras}{}% 2
\BOOKMARK [0][-]{section*.3}{\315ndice de tablas}{}% 3
\BOOKMARK [0][-]{chapter.1}{Introducci\363n}{}% 4
\BOOKMARK [1][-]{section.1.1}{Motivaci\363n}{chapter.1}% 5
\BOOKMARK [1][-]{section.1.2}{Objetivos}{chapter.1}% 6
\BOOKMARK [1][-]{section.1.3}{Metodolog\355a}{chapter.1}% 7
\BOOKMARK [1][-]{section.1.4}{Estructura de la memoria}{chapter.1}% 8
\BOOKMARK [0][-]{chapter.2}{Estado del arte. La situaci\363n del aprendizaje autom\341tico en la actualidad}{}% 9
\BOOKMARK [1][-]{section.2.1}{Introducci\363n al Q-Learning}{chapter.2}% 10
\BOOKMARK [2][-]{subsection.2.1.1}{Cadenas de Markov}{section.2.1}% 11
\BOOKMARK [2][-]{subsection.2.1.2}{Redes neuronales}{section.2.1}% 12
\BOOKMARK [2][-]{subsection.2.1.3}{El concepto de Q-Learning}{section.2.1}% 13
\BOOKMARK [2][-]{subsection.2.1.4}{Redes convolucionales \(CNNs\)}{section.2.1}% 14
\BOOKMARK [2][-]{subsection.2.1.5}{El problema de la memoria. El experience replay}{section.2.1}% 15
\BOOKMARK [1][-]{section.2.2}{Historia de la evoluci\363n tecnol\363gica}{chapter.2}% 16
\BOOKMARK [1][-]{section.2.3}{Algoritmos existentes en la actualidad}{chapter.2}% 17
\BOOKMARK [0][-]{chapter.3}{??? ???? ??????}{}% 18
\BOOKMARK [1][-]{section.3.1}{?? ???? ???? ? ?? ??}{chapter.3}% 19
\BOOKMARK [0][-]{chapter.4}{Conclusions}{}% 20
\BOOKMARK [0][-]{chapter*.6}{Bibliograf\355a}{}% 21
\BOOKMARK [0][-]{appendix.Alph1}{Configuraci\363 del sistema}{}% 22
\BOOKMARK [1][-]{section.Alph1.1}{Fase d'inicialitzaci\363}{appendix.Alph1}% 23
\BOOKMARK [1][-]{section.Alph1.2}{Identificaci\363 de dispositius}{appendix.Alph1}% 24
\BOOKMARK [0][-]{appendix.Alph2}{??? ???????????? ????}{}% 25
